<?xml version="1.0" encoding="UTF-8"?>
<!-- Generated by org.testng.reporters.JUnitReportReporter -->
<testsuite hostname="17phd0063_select" failures="0" tests="1" name="com.org.amtest.search.searchTest" time="6.634" errors="0" timestamp="18 Feb 2024 10:34:57 GMT">
  <testcase classname="com.org.amtest.search.searchTest" name="sum" time="6.634"/>
</testsuite> <!-- com.org.amtest.search.searchTest -->
