<?xml version="1.0" encoding="UTF-8"?>
<!-- Generated by org.testng.reporters.JUnitReportReporter -->
<testsuite hostname="17phd0063_select" failures="0" tests="1" name="com.org.amazon.testCases.searchTest" time="4.835" errors="0" timestamp="18 Feb 2024 12:19:16 GMT">
  <testcase classname="com.org.amazon.testCases.searchTest" name="testVerifySearchFuntionality" time="4.835"/>
</testsuite> <!-- com.org.amazon.testCases.searchTest -->
