<?xml version="1.0" encoding="UTF-8"?>
<!-- Generated by org.testng.reporters.JUnitReportReporter -->
<testsuite hostname="17phd0063_select" failures="0" tests="1" name="com.org.amtest.search.searchTest" time="0.004" errors="0" timestamp="2024-02-18T15:30:13 IST" skipped="0">
  <testcase classname="com.org.amtest.search.searchTest" name="sum" time="0.004"/>
</testsuite> <!-- com.org.amtest.search.searchTest -->
